C51 COMPILER V9.59.0.0   MAIN                                                              03/22/2023 12:01:45 PAGE 1   


C51 COMPILER V9.59.0.0, COMPILATION OF MODULE MAIN
OBJECT MODULE PLACED IN .\Objects\main.obj
COMPILER INVOKED BY: D:\Program Files\keil_v5.14\C51\BIN\C51.EXE main.c OPTIMIZE(8,SPEED) BROWSE DEBUG OBJECTEXTEND PRIN
                    -T(.\Listings\main.lst) TABS(2) OBJECT(.\Objects\main.obj)

line level    source

   1          #include <REG51.H>
   2          
   3          void delay(unsigned i)
   4          {
   5   1          unsigned j;
   6   1          for (; i > 0; i--)
   7   1              for (j = 244; j > 0; j--)
   8   1            ;
   9   1      }
  10          
  11          void main()
  12          {
  13   1          unsigned char x;
  14   1          unsigned char n;
  15   1          while (1)
  16   1          {
  17   2              x = 0x01;
  18   2              for (n = 0; n < 8; n++)
  19   2              {
  20   3                  P1 = ~x;
  21   3                  delay(200);
  22   3                  x=x<<1;
  23   3              }
  24   2          }
  25   1      }


MODULE INFORMATION:   STATIC OVERLAYABLE
   CODE SIZE        =     62    ----
   CONSTANT SIZE    =   ----    ----
   XDATA SIZE       =   ----    ----
   PDATA SIZE       =   ----    ----
   DATA SIZE        =   ----    ----
   IDATA SIZE       =   ----    ----
   BIT SIZE         =   ----    ----
END OF MODULE INFORMATION.


C51 COMPILATION COMPLETE.  0 WARNING(S),  0 ERROR(S)
